2025-11-25 20:41:17, MOVE, v:1, k:poo@agenda, mode:DOWN
2025-11-25 20:41:18, MOVE, v:1, k:poo@agenda, mode:PICK
2025-11-25 20:42:00, EXEC, v:1, k:poo@agenda, mode:FULL, rate:0, size:0
2025-11-25 20:47:41, MOVE, v:1, k:poo@agenda, mode:BACK
2025-11-25 20:47:48, MOVE, v:1, k:poo@agenda, mode:PICK
2025-11-25 20:47:48, EXEC, v:1, k:poo@agenda, mode:FULL, rate:0
2025-11-25 20:47:50, MOVE, v:1, k:poo@agenda, mode:BACK
2025-11-25 20:47:52, MOVE, v:1, k:poo@agenda, mode:PICK
2025-11-25 20:49:58, EXEC, v:1, k:poo@agenda, mode:FULL, rate:0
2025-11-25 20:50:00, MOVE, v:1, k:poo@agenda, mode:BACK
2025-11-25 20:50:02, MOVE, v:1, k:poo@agenda, mode:PICK
2025-11-25 20:51:39, EXEC, v:1, k:poo@agenda, mode:FULL, rate:0, size:5
2025-11-25 20:51:43, MOVE, v:1, k:poo@agenda, mode:BACK
2025-11-25 20:51:44, MOVE, v:1, k:poo@agenda, mode:PICK
2025-11-25 20:51:46, EXEC, v:1, k:poo@agenda, mode:FULL, rate:0
2025-11-25 20:52:27, EXEC, v:1, k:poo@agenda, mode:FULL, rate:0, size:10
2025-11-25 20:53:14, EXEC, v:1, k:poo@agenda, mode:FULL, rate:0
2025-11-25 20:53:17, MOVE, v:1, k:poo@agenda, mode:BACK
2025-11-25 20:53:21, MOVE, v:1, k:poo@agenda, mode:PICK
2025-11-25 20:53:22, EXEC, v:1, k:poo@agenda, mode:FULL, rate:0
2025-11-25 20:55:49, EXEC, v:1, k:poo@agenda, mode:FULL, rate:0, size:25
2025-11-25 20:57:14, EXEC, v:1, k:poo@agenda, mode:FULL, rate:0
2025-11-25 20:57:27, MOVE, v:1, k:poo@agenda, mode:BACK
2025-11-25 20:57:31, MOVE, v:1, k:poo@agenda, mode:PICK
2025-11-25 20:57:33, EXEC, v:1, k:poo@agenda, mode:FULL, rate:0
2025-11-25 20:57:55, MOVE, v:1, k:poo@agenda, mode:BACK
2025-11-25 22:30:15, MOVE, v:1, k:poo@agenda, mode:PICK
2025-11-25 22:30:16, EXEC, v:1, k:poo@agenda, mode:FULL, rate:0
2025-11-25 22:30:18, MOVE, v:1, k:poo@agenda, mode:BACK
2025-11-25 22:30:26, MOVE, v:1, k:poo@agenda, mode:PICK
2025-11-25 22:30:27, EXEC, v:1, k:poo@agenda, mode:FULL, rate:0
2025-11-25 22:30:46, EXEC, v:1, k:poo@agenda, mode:FULL, rate:0, size:26
2025-11-25 22:31:18, EXEC, v:1, k:poo@agenda, mode:FULL, rate:0, size:27
2025-11-25 22:31:58, EXEC, v:1, k:poo@agenda, mode:FULL, rate:0, size:26
2025-11-25 22:33:08, EXEC, v:1, k:poo@agenda, mode:FULL, rate:0, size:26
2025-11-25 22:33:12, MOVE, v:1, k:poo@agenda, mode:BACK
2025-11-25 22:33:22, MOVE, v:1, k:poo@agenda, mode:PICK
2025-11-25 22:33:34, MOVE, v:1, k:poo@agenda, mode:BACK
2025-11-25 22:33:45, MOVE, v:1, k:poo@agenda, mode:PICK
2025-11-25 22:33:46, EXEC, v:1, k:poo@agenda, mode:FULL, rate:0, size:26
2025-11-25 22:35:25, EXEC, v:1, k:poo@agenda, mode:FULL, rate:0, size:30
2025-11-25 22:35:56, EXEC, v:1, k:poo@agenda, mode:FULL, rate:0, size:31
2025-11-25 22:36:26, EXEC, v:1, k:poo@agenda, mode:FULL, rate:0
2025-11-25 22:36:39, EXEC, v:1, k:poo@agenda, mode:FULL, rate:0, size:30
2025-11-25 22:36:43, EXEC, v:1, k:poo@agenda, mode:FULL, rate:0, size:29
2025-11-25 22:36:44, MOVE, v:1, k:poo@agenda, mode:BACK
2025-11-25 22:36:46, MOVE, v:1, k:poo@agenda, mode:PICK
2025-11-25 22:36:46, EXEC, v:1, k:poo@agenda, mode:FULL, rate:0
2025-11-25 22:37:09, EXEC, v:1, k:poo@agenda, mode:FULL, rate:0, size:24
2025-11-25 22:37:17, EXEC, v:1, k:poo@agenda, mode:FULL, rate:0, size:29
2025-11-25 22:37:27, EXEC, v:1, k:poo@agenda, mode:FULL, rate:0, size:29
2025-11-25 22:37:38, EXEC, v:1, k:poo@agenda, mode:FULL, rate:0, size:25
2025-11-25 22:37:45, EXEC, v:1, k:poo@agenda, mode:FULL, rate:0, size:28
2025-11-25 22:37:53, EXEC, v:1, k:poo@agenda, mode:FULL, rate:0, size:27
2025-11-25 22:38:02, EXEC, v:1, k:poo@agenda, mode:FULL, rate:0, size:27
2025-11-25 22:38:21, EXEC, v:1, k:poo@agenda, mode:FULL, rate:0, size:28
2025-11-25 22:38:33, EXEC, v:1, k:poo@agenda, mode:FULL, rate:0, size:28
2025-11-25 22:38:51, EXEC, v:1, k:poo@agenda, mode:FULL, rate:0, size:31
2025-11-25 22:38:57, MOVE, v:1, k:poo@agenda, mode:BACK
2025-11-25 22:39:07, MOVE, v:1, k:poo@agenda, mode:PICK
2025-11-25 22:39:08, EXEC, v:1, k:poo@agenda, mode:FULL, rate:0
2025-11-25 22:39:54, EXEC, v:1, k:poo@agenda, mode:FULL, rate:0, size:31
2025-11-25 22:39:55, EXEC, v:1, k:poo@agenda, mode:FULL, rate:0
2025-11-25 22:39:55, EXEC, v:1, k:poo@agenda, mode:FULL, rate:0
2025-11-25 22:40:03, EXEC, v:1, k:poo@agenda, mode:FULL, rate:0, size:30
2025-11-25 22:40:12, EXEC, v:1, k:poo@agenda, mode:FULL, rate:0, size:26
2025-11-25 22:40:18, EXEC, v:1, k:poo@agenda, mode:FULL, rate:0, size:26
2025-11-25 22:40:48, EXEC, v:1, k:poo@agenda, mode:FULL, rate:0, size:25
2025-11-25 22:40:53, MOVE, v:1, k:poo@agenda, mode:BACK
2025-11-25 22:40:58, MOVE, v:1, k:poo@agenda, mode:PICK
2025-11-25 22:40:59, EXEC, v:1, k:poo@agenda, mode:FULL, rate:0
2025-11-25 22:42:11, EXEC, v:1, k:poo@agenda, mode:FULL, rate:0, size:29
2025-11-25 22:43:47, EXEC, v:1, k:poo@agenda, mode:FULL, rate:0
2025-11-25 22:44:03, EXEC, v:1, k:poo@agenda, mode:FULL, rate:0, size:29
2025-11-25 22:44:20, MOVE, v:1, k:poo@agenda, mode:BACK
2025-11-25 22:44:23, MOVE, v:1, k:poo@agenda, mode:PICK
2025-11-25 22:44:29, EXEC, v:1, k:poo@agenda, mode:FULL, rate:0
2025-11-25 22:50:44, MOVE, v:1, k:poo@agenda, mode:BACK
2025-11-25 22:50:49, MOVE, v:1, k:poo@agenda, mode:PICK
2025-11-25 22:50:50, EXEC, v:1, k:poo@agenda, mode:FULL, rate:0
2025-11-25 22:51:43, EXEC, v:1, k:poo@agenda, mode:FULL, rate:0, size:32
2025-11-25 22:51:54, EXEC, v:1, k:poo@agenda, mode:FULL, rate:0, size:32
2025-11-25 22:52:20, EXEC, v:1, k:poo@agenda, mode:FULL, rate:0, size:33
2025-11-25 22:55:14, EXEC, v:1, k:poo@agenda, mode:FULL, rate:0
2025-11-25 22:55:16, EXEC, v:1, k:poo@agenda, mode:FULL, rate:0
2025-11-25 22:55:46, EXEC, v:1, k:poo@agenda, mode:FULL, rate:0, size:33
2025-11-25 22:55:47, MOVE, v:1, k:poo@agenda, mode:BACK
2025-11-25 22:56:03, MOVE, v:1, k:poo@agenda, mode:PICK
2025-11-25 22:56:05, MOVE, v:1, k:poo@agenda, mode:BACK
2025-11-25 22:56:06, MOVE, v:1, k:poo@agenda, mode:PICK
2025-11-25 22:56:22, MOVE, v:1, k:poo@agenda, mode:BACK
2025-11-25 22:56:24, MOVE, v:1, k:poo@agenda, mode:PICK
2025-11-25 22:56:25, EXEC, v:1, k:poo@agenda, mode:FULL, rate:0
2025-11-25 22:57:36, EXEC, v:1, k:poo@agenda, mode:FULL, rate:0, size:36
2025-11-25 22:57:40, EXEC, v:1, k:poo@agenda, mode:FULL, rate:0
2025-11-25 22:57:47, EXEC, v:1, k:poo@agenda, mode:FULL, rate:0, size:36
2025-11-25 22:57:50, EXEC, v:1, k:poo@agenda, mode:FULL, rate:0
2025-11-25 22:57:52, MOVE, v:1, k:poo@agenda, mode:BACK
2025-11-25 22:57:58, MOVE, v:1, k:poo@agenda, mode:PICK
2025-11-25 22:58:46, EXEC, v:1, k:poo@agenda, mode:FULL, rate:0, size:37
2025-11-25 22:58:47, EXEC, v:1, k:poo@agenda, mode:FULL, rate:0
2025-11-25 22:59:29, EXEC, v:1, k:poo@agenda, mode:FULL, rate:0, size:36
2025-11-25 23:00:43, MOVE, v:1, k:poo@agenda, mode:BACK
2025-11-25 23:00:50, MOVE, v:1, k:poo@agenda, mode:PICK
2025-11-25 23:00:51, EXEC, v:1, k:poo@agenda, mode:FULL, rate:0
2025-11-25 23:02:14, EXEC, v:1, k:poo@agenda, mode:FULL, rate:0, size:37
2025-11-25 23:02:21, EXEC, v:1, k:poo@agenda, mode:FULL, rate:0
2025-11-25 23:02:29, EXEC, v:1, k:poo@agenda, mode:FULL, rate:0, size:36
2025-11-25 23:02:40, MOVE, v:1, k:poo@agenda, mode:BACK
2025-11-25 23:02:52, MOVE, v:1, k:poo@agenda, mode:PICK
2025-11-25 23:02:53, EXEC, v:1, k:poo@agenda, mode:FULL, rate:0
2025-11-25 23:03:20, EXEC, v:1, k:poo@agenda, mode:FULL, rate:0, size:39
2025-11-25 23:04:32, EXEC, v:1, k:poo@agenda, mode:FULL, rate:0, size:41
2025-11-25 23:06:26, EXEC, v:1, k:poo@agenda, mode:FULL, rate:0, size:42
2025-11-25 23:06:34, MOVE, v:1, k:poo@agenda, mode:BACK
2025-11-25 23:06:42, MOVE, v:1, k:poo@agenda, mode:PICK
2025-11-25 23:06:43, EXEC, v:1, k:poo@agenda, mode:FULL, rate:0
2025-11-25 23:07:17, EXEC, v:1, k:poo@agenda, mode:FULL, rate:0, size:42
2025-11-25 23:07:19, EXEC, v:1, k:poo@agenda, mode:FULL, rate:0
2025-11-25 23:07:29, EXEC, v:1, k:poo@agenda, mode:FULL, rate:0, size:42
2025-11-25 23:07:36, EXEC, v:1, k:poo@agenda, mode:FULL, rate:0, size:42
2025-11-25 23:07:41, EXEC, v:1, k:poo@agenda, mode:FULL, rate:0, size:42
2025-11-25 23:10:11, EXEC, v:1, k:poo@agenda, mode:FULL, rate:0
2025-11-25 23:10:15, EXEC, v:1, k:poo@agenda, mode:FULL, rate:0, size:42
2025-11-25 23:10:43, EXEC, v:1, k:poo@agenda, mode:FULL, rate:0, size:43
2025-11-25 23:13:23, EXEC, v:1, k:poo@agenda, mode:FULL, rate:0, size:48
2025-11-25 23:13:46, MOVE, v:1, k:poo@agenda, mode:BACK
2025-11-25 23:14:03, MOVE, v:1, k:poo@agenda, mode:PICK
2025-11-25 23:14:04, EXEC, v:1, k:poo@agenda, mode:FULL, rate:0
2025-11-25 23:18:53, MOVE, v:1, k:poo@agenda, mode:BACK
2025-11-25 23:19:00, MOVE, v:1, k:poo@agenda, mode:PICK
2025-11-25 23:19:02, EXEC, v:1, k:poo@agenda, mode:FULL, rate:0
2025-11-25 23:20:30, EXEC, v:1, k:poo@agenda, mode:FULL, rate:0
2025-11-25 23:20:51, MOVE, v:1, k:poo@agenda, mode:BACK
2025-11-25 23:20:54, MOVE, v:1, k:poo@agenda, mode:PICK
2025-11-25 23:21:15, EXEC, v:1, k:poo@agenda, mode:FULL, rate:0
2025-11-25 23:21:56, EXEC, v:1, k:poo@agenda, mode:FULL, rate:0, size:51
2025-11-25 23:22:01, EXEC, v:1, k:poo@agenda, mode:FULL, rate:0
2025-11-25 23:22:07, EXEC, v:1, k:poo@agenda, mode:FULL, rate:0, size:51
2025-11-25 23:22:11, EXEC, v:1, k:poo@agenda, mode:FULL, rate:0, size:51
2025-11-25 23:22:40, EXEC, v:1, k:poo@agenda, mode:FULL, rate:0, size:52
2025-11-25 23:24:55, EXEC, v:1, k:poo@agenda, mode:FULL, rate:0, size:52
2025-11-25 23:25:01, EXEC, v:1, k:poo@agenda, mode:FULL, rate:0, size:52
2025-11-25 23:25:12, EXEC, v:1, k:poo@agenda, mode:FULL, rate:0
2025-11-25 23:25:19, EXEC, v:1, k:poo@agenda, mode:FULL, rate:0
2025-11-25 23:26:19, EXEC, v:1, k:poo@agenda, mode:FULL, rate:0, size:51
2025-11-25 23:27:58, MOVE, v:1, k:poo@agenda, mode:BACK
2025-11-25 23:28:04, MOVE, v:1, k:poo@agenda, mode:PICK
2025-11-25 23:28:06, EXEC, v:1, k:poo@agenda, mode:FULL, rate:0
2025-11-25 23:28:36, EXEC, v:1, k:poo@agenda, mode:FULL, rate:0, size:52
2025-11-25 23:28:40, MOVE, v:1, k:poo@agenda, mode:BACK
2025-11-25 23:28:45, MOVE, v:1, k:poo@agenda, mode:PICK
2025-11-25 23:28:46, EXEC, v:1, k:poo@agenda, mode:FULL, rate:0
2025-11-25 23:33:06, EXEC, v:1, k:poo@agenda, mode:FULL, rate:0, size:51
2025-11-25 23:33:09, MOVE, v:1, k:poo@agenda, mode:BACK
2025-11-25 23:33:12, MOVE, v:1, k:poo@agenda, mode:PICK
2025-11-25 23:33:16, MOVE, v:1, k:poo@agenda, mode:BACK
2025-11-25 23:33:24, MOVE, v:1, k:poo@agenda, mode:PICK
2025-11-25 23:33:25, EXEC, v:1, k:poo@agenda, mode:FULL, rate:0
2025-11-25 23:33:46, MOVE, v:1, k:poo@agenda, mode:BACK
2025-11-25 23:33:49, MOVE, v:1, k:poo@agenda, mode:PICK
2025-11-25 23:33:50, EXEC, v:1, k:poo@agenda, mode:FULL, rate:0
2025-11-25 23:35:33, EXEC, v:1, k:poo@agenda, mode:FULL, rate:0, size:58
2025-11-25 23:35:37, MOVE, v:1, k:poo@agenda, mode:BACK
2025-11-25 23:35:41, MOVE, v:1, k:poo@agenda, mode:PICK
2025-11-25 23:35:42, EXEC, v:1, k:poo@agenda, mode:FULL, rate:0
2025-11-25 23:35:55, MOVE, v:1, k:poo@agenda, mode:BACK
2025-11-25 23:36:01, MOVE, v:1, k:poo@agenda, mode:PICK
2025-11-25 23:36:01, EXEC, v:1, k:poo@agenda, mode:FULL, rate:0
2025-11-25 23:36:03, MOVE, v:1, k:poo@agenda, mode:BACK
2025-11-25 23:36:08, MOVE, v:1, k:poo@agenda, mode:PICK
2025-11-25 23:37:24, EXEC, v:1, k:poo@agenda, mode:FULL, rate:0
2025-11-25 23:38:53, MOVE, v:1, k:poo@agenda, mode:BACK
2025-11-25 23:38:56, MOVE, v:1, k:poo@agenda, mode:PICK
2025-11-25 23:38:57, EXEC, v:1, k:poo@agenda, mode:FULL, rate:0
2025-11-25 23:41:31, EXEC, v:1, k:poo@agenda, mode:FULL, rate:0, size:61
2025-11-25 23:42:49, EXEC, v:1, k:poo@agenda, mode:FULL, rate:0, size:62
2025-11-25 23:43:11, EXEC, v:1, k:poo@agenda, mode:FULL, rate:0, size:62
2025-11-25 23:44:52, MOVE, v:1, k:poo@agenda, mode:BACK
2025-11-25 23:45:00, MOVE, v:1, k:poo@agenda, mode:PICK
2025-11-25 23:45:01, EXEC, v:1, k:poo@agenda, mode:FULL, rate:0
2025-11-25 23:45:38, EXEC, v:1, k:poo@agenda, mode:FULL, rate:0, size:62
2025-11-25 23:45:48, MOVE, v:1, k:poo@agenda, mode:BACK
2025-11-25 23:45:53, MOVE, v:1, k:poo@agenda, mode:PICK
2025-11-25 23:45:54, EXEC, v:1, k:poo@agenda, mode:FULL, rate:0
2025-11-25 23:48:54, EXEC, v:1, k:poo@agenda, mode:FULL, rate:0, size:62
2025-11-25 23:51:38, EXEC, v:1, k:poo@agenda, mode:FULL, rate:0, size:63
2025-11-25 23:51:41, EXEC, v:1, k:poo@agenda, mode:FULL, rate:0
2025-11-25 23:51:44, EXEC, v:1, k:poo@agenda, mode:FULL, rate:0
2025-11-25 23:52:21, EXEC, v:1, k:poo@agenda, mode:FULL, rate:0, size:65
2025-11-25 23:52:35, EXEC, v:1, k:poo@agenda, mode:FULL, rate:0, size:66
2025-11-25 23:52:40, MOVE, v:1, k:poo@agenda, mode:BACK
2025-11-25 23:52:46, MOVE, v:1, k:poo@agenda, mode:PICK
2025-11-25 23:53:50, EXEC, v:1, k:poo@agenda, mode:FULL, rate:0
2025-11-25 23:55:51, EXEC, v:1, k:poo@agenda, mode:FULL, rate:0
2025-11-25 23:55:52, MOVE, v:1, k:poo@agenda, mode:BACK
